<?xml version="1.0" encoding="UTF-8"?>
<!-- Generated by org.testng.reporters.JUnitXMLReporter -->
<testsuite ignored="0" hostname="DurgaP" failures="0" tests="2" name="ErrorValidations" time="30.529" errors="0" timestamp="2024-05-14T01:36:29 PDT">
  <testcase classname="rahulshettyacademy.tests.ErrorValidations" name="LoginErrorValidation" time="1.009"/>
  <testcase classname="rahulshettyacademy.tests.ErrorValidations" name="ProductErrorValidation" time="8.352"/>
</testsuite> <!-- ErrorValidations -->
